2023/12/12 11:34:21 TDLib version: 1.8.18
2023/12/12 11:34:21 *client.User *&client.User{meta:client.meta{Type:"", Extra:"", ClientId:0}, Id:1914620555, FirstName:"Вероника", LastName:"Тарковская", Usernames:(*client.Usernames)(0xc0000ca380), PhoneNumber:"995579291005", Status:(*client.UserStatusOnline)(0xc000306f00), ProfilePhoto:(*client.ProfilePhoto)(0xc0000ad9f0), EmojiStatus:(*client.EmojiStatus)(nil), IsContact:true, IsMutualContact:true, IsCloseFriend:false, IsVerified:false, IsPremium:false, IsSupport:false, RestrictionReason:"", IsScam:false, IsFake:false, HasActiveStories:false, HasUnreadActiveStories:false, HaveAccess:true, Type:(*client.UserTypeRegular)(0xc000306fc0), LanguageCode:"", AddedToAttachmentMenu:false}
2023/12/12 11:34:23 *client.UpdateUserFullInfo *&client.UpdateUserFullInfo{meta:client.meta{Type:"updateUserFullInfo", Extra:"", ClientId:1}, UserId:6668357960, UserFullInfo:(*client.UserFullInfo)(0xc0004bec60)}
2023/12/12 11:34:25 *client.UpdateUserFullInfo *&client.UpdateUserFullInfo{meta:client.meta{Type:"updateUserFullInfo", Extra:"", ClientId:1}, UserId:6577960536, UserFullInfo:(*client.UserFullInfo)(0xc0004bef30)}
2023/12/12 11:34:27 *client.UpdateUserFullInfo *&client.UpdateUserFullInfo{meta:client.meta{Type:"updateUserFullInfo", Extra:"", ClientId:1}, UserId:6636819079, UserFullInfo:(*client.UserFullInfo)(0xc0004bf200)}
2023/12/12 11:34:29 *client.UpdateUserFullInfo *&client.UpdateUserFullInfo{meta:client.meta{Type:"updateUserFullInfo", Extra:"", ClientId:1}, UserId:6291376847, UserFullInfo:(*client.UserFullInfo)(0xc00031c3f0)}
2023/12/12 11:34:31 *client.UpdateUserFullInfo *&client.UpdateUserFullInfo{meta:client.meta{Type:"updateUserFullInfo", Extra:"", ClientId:1}, UserId:6175490869, UserFullInfo:(*client.UserFullInfo)(0xc00031c6c0)}
2023/12/12 11:34:33 *client.UpdateUserFullInfo *&client.UpdateUserFullInfo{meta:client.meta{Type:"updateUserFullInfo", Extra:"", ClientId:1}, UserId:242055340, UserFullInfo:(*client.UserFullInfo)(0xc00031cea0)}
2023/12/12 11:34:35 *client.UpdateUserFullInfo *&client.UpdateUserFullInfo{meta:client.meta{Type:"updateUserFullInfo", Extra:"", ClientId:1}, UserId:770789109, UserFullInfo:(*client.UserFullInfo)(0xc00031d710)}
2023/12/12 11:34:37 *client.UpdateUserFullInfo *&client.UpdateUserFullInfo{meta:client.meta{Type:"updateUserFullInfo", Extra:"", ClientId:1}, UserId:5958794179, UserFullInfo:(*client.UserFullInfo)(0xc00031def0)}
2023/12/12 11:34:39 *client.UpdateUserFullInfo *&client.UpdateUserFullInfo{meta:client.meta{Type:"updateUserFullInfo", Extra:"", ClientId:1}, UserId:5874879982, UserFullInfo:(*client.UserFullInfo)(0xc000382750)}
2023/12/12 11:34:41 *client.UpdateUserFullInfo *&client.UpdateUserFullInfo{meta:client.meta{Type:"updateUserFullInfo", Extra:"", ClientId:1}, UserId:5865448980, UserFullInfo:(*client.UserFullInfo)(0xc000382a20)}
2023/12/12 11:34:43 *client.UpdateUserFullInfo *&client.UpdateUserFullInfo{meta:client.meta{Type:"updateUserFullInfo", Extra:"", ClientId:1}, UserId:5965188436, UserFullInfo:(*client.UserFullInfo)(0xc000382cf0)}
2023/12/12 11:34:45 *client.UpdateUserFullInfo *&client.UpdateUserFullInfo{meta:client.meta{Type:"updateUserFullInfo", Extra:"", ClientId:1}, UserId:5864957092, UserFullInfo:(*client.UserFullInfo)(0xc000383050)}
2023/12/12 11:34:47 *client.UpdateUserFullInfo *&client.UpdateUserFullInfo{meta:client.meta{Type:"updateUserFullInfo", Extra:"", ClientId:1}, UserId:5586994911, UserFullInfo:(*client.UserFullInfo)(0xc000383320)}
2023/12/12 11:34:49 *client.UpdateUserFullInfo *&client.UpdateUserFullInfo{meta:client.meta{Type:"updateUserFullInfo", Extra:"", ClientId:1}, UserId:5313229604, UserFullInfo:(*client.UserFullInfo)(0xc0004bf8c0)}
2023/12/12 11:34:51 *client.UpdateUserFullInfo *&client.UpdateUserFullInfo{meta:client.meta{Type:"updateUserFullInfo", Extra:"", ClientId:1}, UserId:1336759569, UserFullInfo:(*client.UserFullInfo)(0xc0004bfb90)}
2023/12/12 11:34:53 *client.UpdateUserFullInfo *&client.UpdateUserFullInfo{meta:client.meta{Type:"updateUserFullInfo", Extra:"", ClientId:1}, UserId:5398845890, UserFullInfo:(*client.UserFullInfo)(0xc0004bfe60)}
2023/12/12 11:34:55 *client.UpdateUserFullInfo *&client.UpdateUserFullInfo{meta:client.meta{Type:"updateUserFullInfo", Extra:"", ClientId:1}, UserId:5134118770, UserFullInfo:(*client.UserFullInfo)(0xc0004ee1b0)}
2023/12/12 11:34:57 *client.UpdateUserFullInfo *&client.UpdateUserFullInfo{meta:client.meta{Type:"updateUserFullInfo", Extra:"", ClientId:1}, UserId:5180381787, UserFullInfo:(*client.UserFullInfo)(0xc0004ee480)}
2023/12/12 11:34:59 *client.UpdateUserFullInfo *&client.UpdateUserFullInfo{meta:client.meta{Type:"updateUserFullInfo", Extra:"", ClientId:1}, UserId:5264499392, UserFullInfo:(*client.UserFullInfo)(0xc0003838c0)}
2023/12/12 11:42:14 *client.UpdateChatReadInbox *&client.UpdateChatReadInbox{meta:client.meta{Type:"updateChatReadInbox", Extra:"", ClientId:1}, ChatId:1914620555, LastReadInboxMessageId:15058599936, UnreadCount:1}
2023/12/12 11:42:14 *client.UpdateNewMessage *&client.UpdateNewMessage{meta:client.meta{Type:"updateNewMessage", Extra:"", ClientId:1}, Message:(*client.Message)(0xc000475040)}
2023/12/12 11:42:14 *client.UpdateChatLastMessage *&client.UpdateChatLastMessage{meta:client.meta{Type:"updateChatLastMessage", Extra:"", ClientId:1}, ChatId:1914620555, LastMessage:(*client.Message)(0xc000475180), Positions:[]*client.ChatPosition{(*client.ChatPosition)(0xc000492fc0)}}
2023/12/12 11:45:39 *client.UpdateChatReadInbox *&client.UpdateChatReadInbox{meta:client.meta{Type:"updateChatReadInbox", Extra:"", ClientId:1}, ChatId:1914620555, LastReadInboxMessageId:15068037120, UnreadCount:0}
2023/12/12 11:45:46 *client.UpdateNewChat *&client.UpdateNewChat{meta:client.meta{Type:"updateNewChat", Extra:"", ClientId:1}, Chat:(*client.Chat)(0xc0004752c0)}
2023/12/12 11:45:46 *client.UpdateNewMessage *&client.UpdateNewMessage{meta:client.meta{Type:"updateNewMessage", Extra:"", ClientId:1}, Message:(*client.Message)(0xc000475540)}
2023/12/12 11:45:46 *client.UpdateChatLastMessage *&client.UpdateChatLastMessage{meta:client.meta{Type:"updateChatLastMessage", Extra:"", ClientId:1}, ChatId:6422952804, LastMessage:(*client.Message)(0xc000475680), Positions:[]*client.ChatPosition{}}
2023/12/12 11:45:46 *client.UpdateChatReadOutbox *&client.UpdateChatReadOutbox{meta:client.meta{Type:"updateChatReadOutbox", Extra:"", ClientId:1}, ChatId:6422952804, LastReadOutboxMessageId:15069085696}
2023/12/12 11:45:46 *client.UpdateChatNotificationSettings *&client.UpdateChatNotificationSettings{meta:client.meta{Type:"updateChatNotificationSettings", Extra:"", ClientId:1}, ChatId:6422952804, NotificationSettings:(*client.ChatNotificationSettings)(0xc000493140)}
2023/12/12 11:45:46 *client.UpdateChatReadInbox *&client.UpdateChatReadInbox{meta:client.meta{Type:"updateChatReadInbox", Extra:"", ClientId:1}, ChatId:6422952804, LastReadInboxMessageId:15064891392, UnreadCount:0}
2023/12/12 11:45:46 *client.UpdateChatMessageAutoDeleteTime *&client.UpdateChatMessageAutoDeleteTime{meta:client.meta{Type:"updateChatMessageAutoDeleteTime", Extra:"", ClientId:1}, ChatId:6422952804, MessageAutoDeleteTime:86400}
2023/12/12 11:45:46 *client.UpdateUserFullInfo *&client.UpdateUserFullInfo{meta:client.meta{Type:"updateUserFullInfo", Extra:"", ClientId:1}, UserId:6422952804, UserFullInfo:(*client.UserFullInfo)(0xc0003343f0)}
2023/12/12 11:45:46 *client.UpdateChatReadInbox *&client.UpdateChatReadInbox{meta:client.meta{Type:"updateChatReadInbox", Extra:"", ClientId:1}, ChatId:6422952804, LastReadInboxMessageId:15064891392, UnreadCount:1}
2023/12/12 11:45:46 *client.UpdateNewMessage *&client.UpdateNewMessage{meta:client.meta{Type:"updateNewMessage", Extra:"", ClientId:1}, Message:(*client.Message)(0xc00033e000)}
2023/12/12 11:45:46 *client.UpdateChatLastMessage *&client.UpdateChatLastMessage{meta:client.meta{Type:"updateChatLastMessage", Extra:"", ClientId:1}, ChatId:6422952804, LastMessage:(*client.Message)(0xc00033e140), Positions:[]*client.ChatPosition{}}
2023/12/12 11:45:46 *client.UpdateChatReadInbox *&client.UpdateChatReadInbox{meta:client.meta{Type:"updateChatReadInbox", Extra:"", ClientId:1}, ChatId:6422952804, LastReadInboxMessageId:15070134272, UnreadCount:0}
2023/12/12 11:53:28 *client.UpdateChatReadInbox *&client.UpdateChatReadInbox{meta:client.meta{Type:"updateChatReadInbox", Extra:"", ClientId:1}, ChatId:6422952804, LastReadInboxMessageId:15071182848, UnreadCount:0}
2023/12/12 11:53:28 *client.UpdateNewMessage *&client.UpdateNewMessage{meta:client.meta{Type:"updateNewMessage", Extra:"", ClientId:1}, Message:(*client.Message)(0xc0003a8000)}
2023/12/12 11:53:28 *client.UpdateChatLastMessage *&client.UpdateChatLastMessage{meta:client.meta{Type:"updateChatLastMessage", Extra:"", ClientId:1}, ChatId:6422952804, LastMessage:(*client.Message)(0xc0003a8140), Positions:[]*client.ChatPosition{}}
2023/12/12 11:53:28 *client.UpdateChatReadOutbox *&client.UpdateChatReadOutbox{meta:client.meta{Type:"updateChatReadOutbox", Extra:"", ClientId:1}, ChatId:6422952804, LastReadOutboxMessageId:15071182848}
2023/12/12 11:53:28 *client.UpdateChatReadInbox *&client.UpdateChatReadInbox{meta:client.meta{Type:"updateChatReadInbox", Extra:"", ClientId:1}, ChatId:6422952804, LastReadInboxMessageId:15071182848, UnreadCount:1}
2023/12/12 11:53:28 *client.UpdateNewMessage *&client.UpdateNewMessage{meta:client.meta{Type:"updateNewMessage", Extra:"", ClientId:1}, Message:(*client.Message)(0xc0003a8280)}
2023/12/12 11:53:28 *client.UpdateChatLastMessage *&client.UpdateChatLastMessage{meta:client.meta{Type:"updateChatLastMessage", Extra:"", ClientId:1}, ChatId:6422952804, LastMessage:(*client.Message)(0xc0003a83c0), Positions:[]*client.ChatPosition{}}
2023/12/12 11:53:28 *client.UpdateChatReadInbox *&client.UpdateChatReadInbox{meta:client.meta{Type:"updateChatReadInbox", Extra:"", ClientId:1}, ChatId:6422952804, LastReadInboxMessageId:15072231424, UnreadCount:0}
2023/12/12 11:53:33 *client.UpdateNewMessage *&client.UpdateNewMessage{meta:client.meta{Type:"updateNewMessage", Extra:"", ClientId:1}, Message:(*client.Message)(0xc00033e280)}
2023/12/12 11:53:33 *client.UpdateChatLastMessage *&client.UpdateChatLastMessage{meta:client.meta{Type:"updateChatLastMessage", Extra:"", ClientId:1}, ChatId:1914620555, LastMessage:(*client.Message)(0xc00033e3c0), Positions:[]*client.ChatPosition{(*client.ChatPosition)(0xc000301b00)}}
2023/12/12 11:55:23 *client.UpdateNewChat *&client.UpdateNewChat{meta:client.meta{Type:"updateNewChat", Extra:"", ClientId:1}, Chat:(*client.Chat)(0xc00033e500)}
2023/12/12 11:55:23 *client.UpdateChatReadInbox *&client.UpdateChatReadInbox{meta:client.meta{Type:"updateChatReadInbox", Extra:"", ClientId:1}, ChatId:6411317653, LastReadInboxMessageId:0, UnreadCount:1}
2023/12/12 11:55:23 *client.UpdateNewMessage *&client.UpdateNewMessage{meta:client.meta{Type:"updateNewMessage", Extra:"", ClientId:1}, Message:(*client.Message)(0xc00033e780)}
2023/12/12 11:55:23 *client.UpdateChatLastMessage *&client.UpdateChatLastMessage{meta:client.meta{Type:"updateChatLastMessage", Extra:"", ClientId:1}, ChatId:6411317653, LastMessage:(*client.Message)(0xc00033e8c0), Positions:[]*client.ChatPosition{}}
2023/12/12 11:55:23 *client.UpdateChatNotificationSettings *&client.UpdateChatNotificationSettings{meta:client.meta{Type:"updateChatNotificationSettings", Extra:"", ClientId:1}, ChatId:6411317653, NotificationSettings:(*client.ChatNotificationSettings)(0xc000301bc0)}
2023/12/12 11:55:24 *client.UpdateChatReadInbox *&client.UpdateChatReadInbox{meta:client.meta{Type:"updateChatReadInbox", Extra:"", ClientId:1}, ChatId:6411317653, LastReadInboxMessageId:15046017024, UnreadCount:1}
2023/12/12 11:55:24 *client.UpdateChatReadOutbox *&client.UpdateChatReadOutbox{meta:client.meta{Type:"updateChatReadOutbox", Extra:"", ClientId:1}, ChatId:6411317653, LastReadOutboxMessageId:15047065600}
2023/12/12 11:55:24 *client.UpdateUserFullInfo *&client.UpdateUserFullInfo{meta:client.meta{Type:"updateUserFullInfo", Extra:"", ClientId:1}, UserId:6411317653, UserFullInfo:(*client.UserFullInfo)(0xc000346090)}
2023/12/12 12:02:42 *client.UpdateChatReadInbox *&client.UpdateChatReadInbox{meta:client.meta{Type:"updateChatReadInbox", Extra:"", ClientId:1}, ChatId:6411317653, LastReadInboxMessageId:15074328576, UnreadCount:0}
2023/12/12 12:02:48 *client.UpdateMessageInteractionInfo *&client.UpdateMessageInteractionInfo{meta:client.meta{Type:"updateMessageInteractionInfo", Extra:"", ClientId:1}, ChatId:6411317653, MessageId:15074328576, InteractionInfo:(*client.MessageInteractionInfo)(0xc000122000)}
2023/12/12 12:02:48 *client.UpdateChatLastMessage *&client.UpdateChatLastMessage{meta:client.meta{Type:"updateChatLastMessage", Extra:"", ClientId:1}, ChatId:6411317653, LastMessage:(*client.Message)(0xc00037c000), Positions:[]*client.ChatPosition{}}
2023/12/12 12:26:51 *client.UpdateUser *&client.UpdateUser{meta:client.meta{Type:"updateUser", Extra:"", ClientId:1}, User:(*client.User)(0xc000194000)}
2023/12/12 12:26:51 *client.UpdateNewChat *&client.UpdateNewChat{meta:client.meta{Type:"updateNewChat", Extra:"", ClientId:1}, Chat:(*client.Chat)(0xc0000c4000)}
2023/12/12 12:26:51 *client.UpdateNewMessage *&client.UpdateNewMessage{meta:client.meta{Type:"updateNewMessage", Extra:"", ClientId:1}, Message:(*client.Message)(0xc0000c4280)}
2023/12/12 12:26:51 *client.UpdateChatLastMessage *&client.UpdateChatLastMessage{meta:client.meta{Type:"updateChatLastMessage", Extra:"", ClientId:1}, ChatId:6566408824, LastMessage:(*client.Message)(0xc0000c43c0), Positions:[]*client.ChatPosition{}}
2023/12/12 12:26:51 *client.UpdateChatReadOutbox *&client.UpdateChatReadOutbox{meta:client.meta{Type:"updateChatReadOutbox", Extra:"", ClientId:1}, ChatId:6566408824, LastReadOutboxMessageId:15075377152}
2023/12/12 12:26:51 *client.UpdateChatNotificationSettings *&client.UpdateChatNotificationSettings{meta:client.meta{Type:"updateChatNotificationSettings", Extra:"", ClientId:1}, ChatId:6566408824, NotificationSettings:(*client.ChatNotificationSettings)(0xc000300060)}
2023/12/12 12:26:51 *client.UpdateChatReadInbox *&client.UpdateChatReadInbox{meta:client.meta{Type:"updateChatReadInbox", Extra:"", ClientId:1}, ChatId:6566408824, LastReadInboxMessageId:13488881664, UnreadCount:0}
2023/12/12 12:26:51 *client.UpdateUserFullInfo *&client.UpdateUserFullInfo{meta:client.meta{Type:"updateUserFullInfo", Extra:"", ClientId:1}, UserId:6566408824, UserFullInfo:(*client.UserFullInfo)(0xc00047c2d0)}
2023/12/12 12:26:52 *client.UpdateChatReadInbox *&client.UpdateChatReadInbox{meta:client.meta{Type:"updateChatReadInbox", Extra:"", ClientId:1}, ChatId:6566408824, LastReadInboxMessageId:13488881664, UnreadCount:1}
2023/12/12 12:26:52 *client.UpdateNewMessage *&client.UpdateNewMessage{meta:client.meta{Type:"updateNewMessage", Extra:"", ClientId:1}, Message:(*client.Message)(0xc0000c4500)}
2023/12/12 12:26:52 *client.UpdateChatLastMessage *&client.UpdateChatLastMessage{meta:client.meta{Type:"updateChatLastMessage", Extra:"", ClientId:1}, ChatId:6566408824, LastMessage:(*client.Message)(0xc0000c4640), Positions:[]*client.ChatPosition{}}
2023/12/12 12:26:52 *client.UpdateChatReadInbox *&client.UpdateChatReadInbox{meta:client.meta{Type:"updateChatReadInbox", Extra:"", ClientId:1}, ChatId:6566408824, LastReadInboxMessageId:15076425728, UnreadCount:0}
2023/12/12 12:40:28 *client.UpdateUser *&client.UpdateUser{meta:client.meta{Type:"updateUser", Extra:"", ClientId:1}, User:(*client.User)(0xc0000fc0d0)}
2023/12/12 12:40:28 *client.UpdateNewChat *&client.UpdateNewChat{meta:client.meta{Type:"updateNewChat", Extra:"", ClientId:1}, Chat:(*client.Chat)(0xc000026000)}
2023/12/12 12:40:28 *client.UpdateChatReadInbox *&client.UpdateChatReadInbox{meta:client.meta{Type:"updateChatReadInbox", Extra:"", ClientId:1}, ChatId:777000, LastReadInboxMessageId:0, UnreadCount:1}
2023/12/12 12:40:28 *client.UpdateNewMessage *&client.UpdateNewMessage{meta:client.meta{Type:"updateNewMessage", Extra:"", ClientId:1}, Message:(*client.Message)(0xc000026280)}
2023/12/12 12:40:28 *client.UpdateChatLastMessage *&client.UpdateChatLastMessage{meta:client.meta{Type:"updateChatLastMessage", Extra:"", ClientId:1}, ChatId:777000, LastMessage:(*client.Message)(0xc0000263c0), Positions:[]*client.ChatPosition{}}
2023/12/12 12:40:28 *client.UpdateChatNotificationSettings *&client.UpdateChatNotificationSettings{meta:client.meta{Type:"updateChatNotificationSettings", Extra:"", ClientId:1}, ChatId:777000, NotificationSettings:(*client.ChatNotificationSettings)(0xc0001800c0)}
2023/12/12 12:40:28 *client.UpdateChatPhoto *&client.UpdateChatPhoto{meta:client.meta{Type:"updateChatPhoto", Extra:"", ClientId:1}, ChatId:777000, Photo:(*client.ChatPhotoInfo)(0xc0000ac370)}
2023/12/12 12:40:28 *client.UpdateUser *&client.UpdateUser{meta:client.meta{Type:"updateUser", Extra:"", ClientId:1}, User:(*client.User)(0xc0000fc750)}
2023/12/12 12:40:28 *client.UpdateChatReadInbox *&client.UpdateChatReadInbox{meta:client.meta{Type:"updateChatReadInbox", Extra:"", ClientId:1}, ChatId:777000, LastReadInboxMessageId:15066988544, UnreadCount:1}
2023/12/12 12:40:28 *client.UpdateChatReadOutbox *&client.UpdateChatReadOutbox{meta:client.meta{Type:"updateChatReadOutbox", Extra:"", ClientId:1}, ChatId:777000, LastReadOutboxMessageId:10300162048}
2023/12/12 12:40:28 *client.UpdateUserFullInfo *&client.UpdateUserFullInfo{meta:client.meta{Type:"updateUserFullInfo", Extra:"", ClientId:1}, UserId:777000, UserFullInfo:(*client.UserFullInfo)(0xc00047c120)}
2023/12/12 12:41:36 *client.UpdateHavePendingNotifications *&client.UpdateHavePendingNotifications{meta:client.meta{Type:"updateHavePendingNotifications", Extra:"", ClientId:1}, HaveDelayedNotifications:false, HaveUnreceivedNotifications:true}
2023/12/12 12:41:36 *client.UpdateChatReadInbox *&client.UpdateChatReadInbox{meta:client.meta{Type:"updateChatReadInbox", Extra:"", ClientId:1}, ChatId:777000, LastReadInboxMessageId:15066988544, UnreadCount:2}
2023/12/12 12:41:36 *client.UpdateNewMessage *&client.UpdateNewMessage{meta:client.meta{Type:"updateNewMessage", Extra:"", ClientId:1}, Message:(*client.Message)(0xc00013e000)}
2023/12/12 12:41:36 *client.UpdateChatLastMessage *&client.UpdateChatLastMessage{meta:client.meta{Type:"updateChatLastMessage", Extra:"", ClientId:1}, ChatId:777000, LastMessage:(*client.Message)(0xc00013e140), Positions:[]*client.ChatPosition{}}
2023/12/12 12:41:36 *client.UpdateHavePendingNotifications *&client.UpdateHavePendingNotifications{meta:client.meta{Type:"updateHavePendingNotifications", Extra:"", ClientId:1}, HaveDelayedNotifications:false, HaveUnreceivedNotifications:false}
2023/12/12 12:41:38 *client.UpdateChatReadInbox *&client.UpdateChatReadInbox{meta:client.meta{Type:"updateChatReadInbox", Extra:"", ClientId:1}, ChatId:777000, LastReadInboxMessageId:15077474304, UnreadCount:1}
2023/12/12 12:41:54 *client.UpdateMessageContent *&client.UpdateMessageContent{meta:client.meta{Type:"", Extra:"", ClientId:0}, ChatId:6566408824, MessageId:15076425728, NewContent:(*client.MessageText)(0xc000226580)}
2023/12/12 12:41:54 *client.UpdateMessageEdited *&client.UpdateMessageEdited{meta:client.meta{Type:"", Extra:"", ClientId:0}, ChatId:6566408824, MessageId:15076425728, EditDate:0, ReplyMarkup:client.ReplyMarkup(nil)}
2023/12/12 12:41:54 *client.UpdateChatLastMessage *&client.UpdateChatLastMessage{meta:client.meta{Type:"updateChatLastMessage", Extra:"", ClientId:1}, ChatId:6566408824, LastMessage:(*client.Message)(0xc00013e280), Positions:[]*client.ChatPosition{}}
2023/12/12 12:42:00 *client.UpdateUser *&client.UpdateUser{meta:client.meta{Type:"updateUser", Extra:"", ClientId:1}, User:(*client.User)(0xc0004b4d00)}
2023/12/12 12:42:00 *client.UpdateNewChat *&client.UpdateNewChat{meta:client.meta{Type:"updateNewChat", Extra:"", ClientId:1}, Chat:(*client.Chat)(0xc00013e3c0)}
2023/12/12 12:42:00 *client.UpdateChatLastMessage *&client.UpdateChatLastMessage{meta:client.meta{Type:"updateChatLastMessage", Extra:"", ClientId:1}, ChatId:369951953, LastMessage:(*client.Message)(0xc00010e000), Positions:[]*client.ChatPosition{}}
2023/12/12 12:42:00 *client.UpdateChatNotificationSettings *&client.UpdateChatNotificationSettings{meta:client.meta{Type:"updateChatNotificationSettings", Extra:"", ClientId:1}, ChatId:369951953, NotificationSettings:(*client.ChatNotificationSettings)(0xc00014a060)}
2023/12/12 12:42:00 *client.UpdateChatReadInbox *&client.UpdateChatReadInbox{meta:client.meta{Type:"updateChatReadInbox", Extra:"", ClientId:1}, ChatId:369951953, LastReadInboxMessageId:9089056768, UnreadCount:0}
2023/12/12 12:42:00 *client.UpdateChatReadOutbox *&client.UpdateChatReadOutbox{meta:client.meta{Type:"updateChatReadOutbox", Extra:"", ClientId:1}, ChatId:369951953, LastReadOutboxMessageId:9076473856}
2023/12/12 12:42:01 *client.UpdateUserFullInfo *&client.UpdateUserFullInfo{meta:client.meta{Type:"updateUserFullInfo", Extra:"", ClientId:1}, UserId:369951953, UserFullInfo:(*client.UserFullInfo)(0xc00047d710)}
2023/12/12 12:42:01 *client.UpdateChatActiveStories *&client.UpdateChatActiveStories{meta:client.meta{Type:"updateChatActiveStories", Extra:"", ClientId:1}, ActiveStories:(*client.ChatActiveStories)(0xc0000d8000)}
2023/12/12 12:45:40 *client.UpdateUser *&client.UpdateUser{meta:client.meta{Type:"updateUser", Extra:"", ClientId:1}, User:(*client.User)(0xc000194820)}
2023/12/12 12:45:48 *client.UpdateNewMessage *&client.UpdateNewMessage{meta:client.meta{Type:"updateNewMessage", Extra:"", ClientId:1}, Message:(*client.Message)(0xc0000fe000)}
2023/12/12 12:45:48 *client.UpdateChatLastMessage *&client.UpdateChatLastMessage{meta:client.meta{Type:"updateChatLastMessage", Extra:"", ClientId:1}, ChatId:6566408824, LastMessage:(*client.Message)(0xc0000fe140), Positions:[]*client.ChatPosition{}}
2023/12/12 12:45:48 *client.UpdateChatReadOutbox *&client.UpdateChatReadOutbox{meta:client.meta{Type:"updateChatReadOutbox", Extra:"", ClientId:1}, ChatId:6566408824, LastReadOutboxMessageId:15078522880}
2023/12/12 12:45:48 *client.UpdateChatReadInbox *&client.UpdateChatReadInbox{meta:client.meta{Type:"updateChatReadInbox", Extra:"", ClientId:1}, ChatId:6566408824, LastReadInboxMessageId:15076425728, UnreadCount:1}
2023/12/12 12:45:48 *client.UpdateNewMessage *&client.UpdateNewMessage{meta:client.meta{Type:"updateNewMessage", Extra:"", ClientId:1}, Message:(*client.Message)(0xc0000fe280)}
2023/12/12 12:45:48 *client.UpdateChatLastMessage *&client.UpdateChatLastMessage{meta:client.meta{Type:"updateChatLastMessage", Extra:"", ClientId:1}, ChatId:6566408824, LastMessage:(*client.Message)(0xc0000fe3c0), Positions:[]*client.ChatPosition{}}
2023/12/12 12:45:49 *client.UpdateChatReadInbox *&client.UpdateChatReadInbox{meta:client.meta{Type:"updateChatReadInbox", Extra:"", ClientId:1}, ChatId:6566408824, LastReadInboxMessageId:15079571456, UnreadCount:0}
2023/12/12 12:45:50 *client.UpdateMessageContent *&client.UpdateMessageContent{meta:client.meta{Type:"", Extra:"", ClientId:0}, ChatId:6566408824, MessageId:15079571456, NewContent:(*client.MessageText)(0xc000308380)}
2023/12/12 12:45:50 *client.UpdateMessageEdited *&client.UpdateMessageEdited{meta:client.meta{Type:"", Extra:"", ClientId:0}, ChatId:6566408824, MessageId:15079571456, EditDate:0, ReplyMarkup:client.ReplyMarkup(nil)}
2023/12/12 12:45:50 *client.UpdateChatLastMessage *&client.UpdateChatLastMessage{meta:client.meta{Type:"updateChatLastMessage", Extra:"", ClientId:1}, ChatId:6566408824, LastMessage:(*client.Message)(0xc0000fe500), Positions:[]*client.ChatPosition{}}
2023/12/12 13:13:48 *client.UpdateChatReadOutbox *&client.UpdateChatReadOutbox{meta:client.meta{Type:"updateChatReadOutbox", Extra:"", ClientId:1}, ChatId:1914620555, LastReadOutboxMessageId:15073280000}
2023/12/12 13:24:28 *client.UpdateSuggestedActions *&client.UpdateSuggestedActions{meta:client.meta{Type:"", Extra:"", ClientId:0}, AddedActions:[]client.SuggestedAction{(*client.SuggestedActionSubscribeToAnnualPremium)(0xc000182690)}, RemovedActions:[]client.SuggestedAction{}}
2023/12/12 13:36:07 *client.UpdateChatReadInbox *&client.UpdateChatReadInbox{meta:client.meta{Type:"updateChatReadInbox", Extra:"", ClientId:1}, ChatId:6566408824, LastReadInboxMessageId:15080620032, UnreadCount:0}
2023/12/12 13:36:07 *client.UpdateNewMessage *&client.UpdateNewMessage{meta:client.meta{Type:"updateNewMessage", Extra:"", ClientId:1}, Message:(*client.Message)(0xc0000be000)}
2023/12/12 13:36:07 *client.UpdateChatLastMessage *&client.UpdateChatLastMessage{meta:client.meta{Type:"updateChatLastMessage", Extra:"", ClientId:1}, ChatId:6566408824, LastMessage:(*client.Message)(0xc0000be140), Positions:[]*client.ChatPosition{}}
2023/12/12 13:36:07 *client.UpdateChatReadOutbox *&client.UpdateChatReadOutbox{meta:client.meta{Type:"updateChatReadOutbox", Extra:"", ClientId:1}, ChatId:6566408824, LastReadOutboxMessageId:15080620032}
2023/12/12 13:36:07 *client.UpdateChatReadInbox *&client.UpdateChatReadInbox{meta:client.meta{Type:"updateChatReadInbox", Extra:"", ClientId:1}, ChatId:6566408824, LastReadInboxMessageId:15080620032, UnreadCount:1}
2023/12/12 13:36:07 *client.UpdateNewMessage *&client.UpdateNewMessage{meta:client.meta{Type:"updateNewMessage", Extra:"", ClientId:1}, Message:(*client.Message)(0xc000130000)}
2023/12/12 13:36:07 *client.UpdateChatLastMessage *&client.UpdateChatLastMessage{meta:client.meta{Type:"updateChatLastMessage", Extra:"", ClientId:1}, ChatId:6566408824, LastMessage:(*client.Message)(0xc000130140), Positions:[]*client.ChatPosition{}}
2023/12/12 13:36:07 *client.UpdateChatReadInbox *&client.UpdateChatReadInbox{meta:client.meta{Type:"updateChatReadInbox", Extra:"", ClientId:1}, ChatId:6566408824, LastReadInboxMessageId:15081668608, UnreadCount:0}
2023/12/12 13:37:32 *client.UpdateMessageContent *&client.UpdateMessageContent{meta:client.meta{Type:"", Extra:"", ClientId:0}, ChatId:6566408824, MessageId:15081668608, NewContent:(*client.MessageText)(0xc0003084c0)}
2023/12/12 13:37:32 *client.UpdateMessageEdited *&client.UpdateMessageEdited{meta:client.meta{Type:"", Extra:"", ClientId:0}, ChatId:6566408824, MessageId:15081668608, EditDate:0, ReplyMarkup:client.ReplyMarkup(nil)}
2023/12/12 13:37:32 *client.UpdateChatLastMessage *&client.UpdateChatLastMessage{meta:client.meta{Type:"updateChatLastMessage", Extra:"", ClientId:1}, ChatId:6566408824, LastMessage:(*client.Message)(0xc000184000), Positions:[]*client.ChatPosition{}}
2023/12/12 13:37:51 *client.UpdateChatReadInbox *&client.UpdateChatReadInbox{meta:client.meta{Type:"updateChatReadInbox", Extra:"", ClientId:1}, ChatId:6566408824, LastReadInboxMessageId:15082717184, UnreadCount:0}
2023/12/12 13:37:51 *client.UpdateNewMessage *&client.UpdateNewMessage{meta:client.meta{Type:"updateNewMessage", Extra:"", ClientId:1}, Message:(*client.Message)(0xc000130280)}
2023/12/12 13:37:51 *client.UpdateChatLastMessage *&client.UpdateChatLastMessage{meta:client.meta{Type:"updateChatLastMessage", Extra:"", ClientId:1}, ChatId:6566408824, LastMessage:(*client.Message)(0xc000130000), Positions:[]*client.ChatPosition{}}
2023/12/12 13:37:51 *client.UpdateChatReadOutbox *&client.UpdateChatReadOutbox{meta:client.meta{Type:"updateChatReadOutbox", Extra:"", ClientId:1}, ChatId:6566408824, LastReadOutboxMessageId:15082717184}
2023/12/12 13:37:52 *client.UpdateChatReadInbox *&client.UpdateChatReadInbox{meta:client.meta{Type:"updateChatReadInbox", Extra:"", ClientId:1}, ChatId:6566408824, LastReadInboxMessageId:15082717184, UnreadCount:1}
2023/12/12 13:37:52 *client.UpdateNewMessage *&client.UpdateNewMessage{meta:client.meta{Type:"updateNewMessage", Extra:"", ClientId:1}, Message:(*client.Message)(0xc000000000)}
2023/12/12 13:37:52 *client.UpdateChatLastMessage *&client.UpdateChatLastMessage{meta:client.meta{Type:"updateChatLastMessage", Extra:"", ClientId:1}, ChatId:6566408824, LastMessage:(*client.Message)(0xc000000140), Positions:[]*client.ChatPosition{}}
2023/12/12 13:37:52 *client.UpdateChatReadInbox *&client.UpdateChatReadInbox{meta:client.meta{Type:"updateChatReadInbox", Extra:"", ClientId:1}, ChatId:6566408824, LastReadInboxMessageId:15083765760, UnreadCount:0}
2023/12/12 13:37:54 *client.UpdateMessageContent *&client.UpdateMessageContent{meta:client.meta{Type:"", Extra:"", ClientId:0}, ChatId:6566408824, MessageId:15083765760, NewContent:(*client.MessageText)(0xc000462040)}
2023/12/12 13:37:54 *client.UpdateMessageEdited *&client.UpdateMessageEdited{meta:client.meta{Type:"", Extra:"", ClientId:0}, ChatId:6566408824, MessageId:15083765760, EditDate:0, ReplyMarkup:client.ReplyMarkup(nil)}
2023/12/12 13:37:54 *client.UpdateChatLastMessage *&client.UpdateChatLastMessage{meta:client.meta{Type:"updateChatLastMessage", Extra:"", ClientId:1}, ChatId:6566408824, LastMessage:(*client.Message)(0xc000000280), Positions:[]*client.ChatPosition{}}
2023/12/12 13:45:24 *client.UpdateNewMessage *&client.UpdateNewMessage{meta:client.meta{Type:"updateNewMessage", Extra:"", ClientId:1}, Message:(*client.Message)(0xc0001a0000)}
2023/12/12 13:45:24 *client.UpdateChatLastMessage *&client.UpdateChatLastMessage{meta:client.meta{Type:"updateChatLastMessage", Extra:"", ClientId:1}, ChatId:6422952804, LastMessage:(*client.Message)(0xc0001a0140), Positions:[]*client.ChatPosition{}}
2023/12/12 13:45:24 *client.UpdateChatReadOutbox *&client.UpdateChatReadOutbox{meta:client.meta{Type:"updateChatReadOutbox", Extra:"", ClientId:1}, ChatId:6422952804, LastReadOutboxMessageId:15084814336}
2023/12/12 13:45:25 *client.UpdateChatReadInbox *&client.UpdateChatReadInbox{meta:client.meta{Type:"updateChatReadInbox", Extra:"", ClientId:1}, ChatId:6422952804, LastReadInboxMessageId:15072231424, UnreadCount:1}
2023/12/12 13:45:25 *client.UpdateNewMessage *&client.UpdateNewMessage{meta:client.meta{Type:"updateNewMessage", Extra:"", ClientId:1}, Message:(*client.Message)(0xc000002000)}
2023/12/12 13:45:25 *client.UpdateChatLastMessage *&client.UpdateChatLastMessage{meta:client.meta{Type:"updateChatLastMessage", Extra:"", ClientId:1}, ChatId:6422952804, LastMessage:(*client.Message)(0xc000002140), Positions:[]*client.ChatPosition{}}
2023/12/12 13:46:49 *client.UpdateChatReadInbox *&client.UpdateChatReadInbox{meta:client.meta{Type:"updateChatReadInbox", Extra:"", ClientId:1}, ChatId:6422952804, LastReadInboxMessageId:15085862912, UnreadCount:0}
2023/12/12 13:46:58 *client.UpdateChatReadInbox *&client.UpdateChatReadInbox{meta:client.meta{Type:"updateChatReadInbox", Extra:"", ClientId:1}, ChatId:6422952804, LastReadInboxMessageId:15086911488, UnreadCount:0}
2023/12/12 13:46:58 *client.UpdateNewMessage *&client.UpdateNewMessage{meta:client.meta{Type:"updateNewMessage", Extra:"", ClientId:1}, Message:(*client.Message)(0xc000252000)}
2023/12/12 13:46:58 *client.UpdateChatLastMessage *&client.UpdateChatLastMessage{meta:client.meta{Type:"updateChatLastMessage", Extra:"", ClientId:1}, ChatId:6422952804, LastMessage:(*client.Message)(0xc000252140), Positions:[]*client.ChatPosition{}}
2023/12/12 13:46:58 *client.UpdateChatReadOutbox *&client.UpdateChatReadOutbox{meta:client.meta{Type:"updateChatReadOutbox", Extra:"", ClientId:1}, ChatId:6422952804, LastReadOutboxMessageId:15086911488}
2023/12/12 13:46:58 *client.UpdateChatReadInbox *&client.UpdateChatReadInbox{meta:client.meta{Type:"updateChatReadInbox", Extra:"", ClientId:1}, ChatId:6422952804, LastReadInboxMessageId:15086911488, UnreadCount:1}
2023/12/12 13:46:58 *client.UpdateNewMessage *&client.UpdateNewMessage{meta:client.meta{Type:"updateNewMessage", Extra:"", ClientId:1}, Message:(*client.Message)(0xc000252280)}
2023/12/12 13:46:58 *client.UpdateChatLastMessage *&client.UpdateChatLastMessage{meta:client.meta{Type:"updateChatLastMessage", Extra:"", ClientId:1}, ChatId:6422952804, LastMessage:(*client.Message)(0xc0002523c0), Positions:[]*client.ChatPosition{}}
2023/12/12 14:18:40 *client.UpdateChatReadInbox *&client.UpdateChatReadInbox{meta:client.meta{Type:"updateChatReadInbox", Extra:"", ClientId:1}, ChatId:6422952804, LastReadInboxMessageId:15087960064, UnreadCount:0}
2023/12/12 14:18:55 *client.UpdateChatReadInbox *&client.UpdateChatReadInbox{meta:client.meta{Type:"updateChatReadInbox", Extra:"", ClientId:1}, ChatId:6422952804, LastReadInboxMessageId:15089008640, UnreadCount:0}
2023/12/12 14:18:55 *client.UpdateNewMessage *&client.UpdateNewMessage{meta:client.meta{Type:"updateNewMessage", Extra:"", ClientId:1}, Message:(*client.Message)(0xc000002000)}
2023/12/12 14:18:55 *client.UpdateChatLastMessage *&client.UpdateChatLastMessage{meta:client.meta{Type:"updateChatLastMessage", Extra:"", ClientId:1}, ChatId:6422952804, LastMessage:(*client.Message)(0xc000002140), Positions:[]*client.ChatPosition{}}
2023/12/12 14:18:55 *client.UpdateChatReadOutbox *&client.UpdateChatReadOutbox{meta:client.meta{Type:"updateChatReadOutbox", Extra:"", ClientId:1}, ChatId:6422952804, LastReadOutboxMessageId:15089008640}
2023/12/12 14:18:55 *client.UpdateChatReadInbox *&client.UpdateChatReadInbox{meta:client.meta{Type:"updateChatReadInbox", Extra:"", ClientId:1}, ChatId:6422952804, LastReadInboxMessageId:15089008640, UnreadCount:1}
2023/12/12 14:18:55 *client.UpdateNewMessage *&client.UpdateNewMessage{meta:client.meta{Type:"updateNewMessage", Extra:"", ClientId:1}, Message:(*client.Message)(0xc0000ee000)}
2023/12/12 14:18:55 *client.UpdateChatLastMessage *&client.UpdateChatLastMessage{meta:client.meta{Type:"updateChatLastMessage", Extra:"", ClientId:1}, ChatId:6422952804, LastMessage:(*client.Message)(0xc0000ee140), Positions:[]*client.ChatPosition{}}
2023/12/12 14:18:56 *client.UpdateChatReadInbox *&client.UpdateChatReadInbox{meta:client.meta{Type:"updateChatReadInbox", Extra:"", ClientId:1}, ChatId:6422952804, LastReadInboxMessageId:15090057216, UnreadCount:0}
2023/12/12 14:19:00 *client.UpdateNewMessage *&client.UpdateNewMessage{meta:client.meta{Type:"updateNewMessage", Extra:"", ClientId:1}, Message:(*client.Message)(0xc000024000)}
2023/12/12 14:19:00 *client.UpdateChatLastMessage *&client.UpdateChatLastMessage{meta:client.meta{Type:"updateChatLastMessage", Extra:"", ClientId:1}, ChatId:1914620555, LastMessage:(*client.Message)(0xc000024140), Positions:[]*client.ChatPosition{(*client.ChatPosition)(0xc0001803c0)}}
2023/12/12 14:19:32 *client.UpdateSuggestedActions *&client.UpdateSuggestedActions{meta:client.meta{Type:"", Extra:"", ClientId:0}, AddedActions:[]client.SuggestedAction{}, RemovedActions:[]client.SuggestedAction{(*client.SuggestedActionSubscribeToAnnualPremium)(0xc0000eacf0)}}
2023/12/12 14:20:55 *client.UpdateChatReadOutbox *&client.UpdateChatReadOutbox{meta:client.meta{Type:"updateChatReadOutbox", Extra:"", ClientId:1}, ChatId:1914620555, LastReadOutboxMessageId:15091105792}
2023/12/12 14:27:22 *client.UpdateChatReadInbox *&client.UpdateChatReadInbox{meta:client.meta{Type:"updateChatReadInbox", Extra:"", ClientId:1}, ChatId:1914620555, LastReadInboxMessageId:15068037120, UnreadCount:1}
2023/12/12 14:27:22 *client.UpdateNewMessage *&client.UpdateNewMessage{meta:client.meta{Type:"updateNewMessage", Extra:"", ClientId:1}, Message:(*client.Message)(0xc000146000)}
2023/12/12 14:27:22 *client.UpdateChatLastMessage *&client.UpdateChatLastMessage{meta:client.meta{Type:"updateChatLastMessage", Extra:"", ClientId:1}, ChatId:1914620555, LastMessage:(*client.Message)(0xc000146140), Positions:[]*client.ChatPosition{(*client.ChatPosition)(0xc0001803c0)}}
2023/12/12 14:33:42 *client.UpdateChatReadInbox *&client.UpdateChatReadInbox{meta:client.meta{Type:"updateChatReadInbox", Extra:"", ClientId:1}, ChatId:1914620555, LastReadInboxMessageId:15092154368, UnreadCount:0}
2023/12/12 14:33:48 *client.UpdateNewMessage *&client.UpdateNewMessage{meta:client.meta{Type:"updateNewMessage", Extra:"", ClientId:1}, Message:(*client.Message)(0xc000162000)}
2023/12/12 14:33:48 *client.UpdateChatLastMessage *&client.UpdateChatLastMessage{meta:client.meta{Type:"updateChatLastMessage", Extra:"", ClientId:1}, ChatId:6422952804, LastMessage:(*client.Message)(0xc000162140), Positions:[]*client.ChatPosition{}}
2023/12/12 14:33:48 *client.UpdateChatReadOutbox *&client.UpdateChatReadOutbox{meta:client.meta{Type:"updateChatReadOutbox", Extra:"", ClientId:1}, ChatId:6422952804, LastReadOutboxMessageId:15093202944}
2023/12/12 14:33:49 *client.UpdateChatReadInbox *&client.UpdateChatReadInbox{meta:client.meta{Type:"updateChatReadInbox", Extra:"", ClientId:1}, ChatId:6422952804, LastReadInboxMessageId:15090057216, UnreadCount:1}
2023/12/12 14:33:49 *client.UpdateNewMessage *&client.UpdateNewMessage{meta:client.meta{Type:"updateNewMessage", Extra:"", ClientId:1}, Message:(*client.Message)(0xc000162280)}
2023/12/12 14:33:49 *client.UpdateChatLastMessage *&client.UpdateChatLastMessage{meta:client.meta{Type:"updateChatLastMessage", Extra:"", ClientId:1}, ChatId:6422952804, LastMessage:(*client.Message)(0xc0001623c0), Positions:[]*client.ChatPosition{}}
2023/12/12 14:33:49 *client.UpdateChatReadInbox *&client.UpdateChatReadInbox{meta:client.meta{Type:"updateChatReadInbox", Extra:"", ClientId:1}, ChatId:6422952804, LastReadInboxMessageId:15094251520, UnreadCount:0}
2023/12/12 14:33:57 *client.UpdateMessageInteractionInfo *&client.UpdateMessageInteractionInfo{meta:client.meta{Type:"updateMessageInteractionInfo", Extra:"", ClientId:1}, ChatId:1914620555, MessageId:15092154368, InteractionInfo:(*client.MessageInteractionInfo)(0xc0000ac280)}
2023/12/12 14:33:57 *client.UpdateChatLastMessage *&client.UpdateChatLastMessage{meta:client.meta{Type:"updateChatLastMessage", Extra:"", ClientId:1}, ChatId:1914620555, LastMessage:(*client.Message)(0xc000184000), Positions:[]*client.ChatPosition{(*client.ChatPosition)(0xc00014a180)}}
2023/12/12 15:25:33 *client.UpdateConnectionState *&client.UpdateConnectionState{meta:client.meta{Type:"", Extra:"", ClientId:0}, State:(*client.ConnectionStateConnecting)(0xc0000ea120)}
2023/12/12 16:27:17 *client.UpdateOption *&client.UpdateOption{meta:client.meta{Type:"", Extra:"", ClientId:0}, Name:"unix_time", Value:(*client.OptionValueInteger)(0xc0000ea120)}
2023/12/12 16:27:17 *client.UpdateConnectionState *&client.UpdateConnectionState{meta:client.meta{Type:"", Extra:"", ClientId:0}, State:(*client.ConnectionStateReady)(0xc000182180)}
2023/12/12 16:27:17 *client.UpdateHavePendingNotifications *&client.UpdateHavePendingNotifications{meta:client.meta{Type:"updateHavePendingNotifications", Extra:"", ClientId:1}, HaveDelayedNotifications:false, HaveUnreceivedNotifications:true}
2023/12/12 16:27:17 *client.UpdateUser *&client.UpdateUser{meta:client.meta{Type:"updateUser", Extra:"", ClientId:1}, User:(*client.User)(0xc000195040)}
2023/12/12 16:27:17 *client.UpdateUser *&client.UpdateUser{meta:client.meta{Type:"updateUser", Extra:"", ClientId:1}, User:(*client.User)(0xc000195110)}
2023/12/12 16:27:17 *client.UpdateHavePendingNotifications *&client.UpdateHavePendingNotifications{meta:client.meta{Type:"updateHavePendingNotifications", Extra:"", ClientId:1}, HaveDelayedNotifications:false, HaveUnreceivedNotifications:false}
2023/12/12 16:28:33 *client.UpdateChatReadInbox *&client.UpdateChatReadInbox{meta:client.meta{Type:"updateChatReadInbox", Extra:"", ClientId:1}, ChatId:777000, LastReadInboxMessageId:15077474304, UnreadCount:2}
2023/12/12 16:28:33 *client.UpdateNewMessage *&client.UpdateNewMessage{meta:client.meta{Type:"updateNewMessage", Extra:"", ClientId:1}, Message:(*client.Message)(0xc000024000)}
2023/12/12 16:28:33 *client.UpdateChatLastMessage *&client.UpdateChatLastMessage{meta:client.meta{Type:"updateChatLastMessage", Extra:"", ClientId:1}, ChatId:777000, LastMessage:(*client.Message)(0xc000024140), Positions:[]*client.ChatPosition{}}
